[debug] [2023-11-25T03:24:08.919Z] ----------------------------------------------------------------------
[debug] [2023-11-25T03:24:08.921Z] Command:       C:\Users\Mike Odnis\.nvm\versions\node\v18.17.1\bin\node.exe C:\Users\Mike Odnis\AppData\Roaming\npm\node_modules\firebase-tools\lib\bin\firebase.js deploy
[debug] [2023-11-25T03:24:08.921Z] CLI Version:   12.4.7
[debug] [2023-11-25T03:24:08.921Z] Platform:      win32
[debug] [2023-11-25T03:24:08.921Z] Node Version:  v18.17.1
[debug] [2023-11-25T03:24:08.922Z] Time:          Fri Nov 24 2023 22:24:08 GMT-0500 (Eastern Standard Time)
[debug] [2023-11-25T03:24:08.922Z] ----------------------------------------------------------------------
[debug] 
[debug] [2023-11-25T03:24:08.965Z] > command requires scopes: ["email","openid","https://www.googleapis.com/auth/cloudplatformprojects.readonly","https://www.googleapis.com/auth/firebase","https://www.googleapis.com/auth/cloud-platform"]
[debug] [2023-11-25T03:24:08.965Z] > authorizing via signed-in user (airwolf635@gmail.com)
[debug] [2023-11-25T03:24:08.965Z] [iam] checking project auth-test-37db9 for permissions ["firebase.projects.get","firebasehosting.sites.update"]
[debug] [2023-11-25T03:24:08.967Z] >>> [apiv2][query] POST https://cloudresourcemanager.googleapis.com/v1/projects/auth-test-37db9:testIamPermissions [none]
[debug] [2023-11-25T03:24:08.967Z] >>> [apiv2][(partial)header] POST https://cloudresourcemanager.googleapis.com/v1/projects/auth-test-37db9:testIamPermissions x-goog-quota-user=projects/auth-test-37db9
[debug] [2023-11-25T03:24:08.967Z] >>> [apiv2][body] POST https://cloudresourcemanager.googleapis.com/v1/projects/auth-test-37db9:testIamPermissions {"permissions":["firebase.projects.get","firebasehosting.sites.update"]}
[debug] [2023-11-25T03:24:09.191Z] <<< [apiv2][status] POST https://cloudresourcemanager.googleapis.com/v1/projects/auth-test-37db9:testIamPermissions 200
[debug] [2023-11-25T03:24:09.192Z] <<< [apiv2][body] POST https://cloudresourcemanager.googleapis.com/v1/projects/auth-test-37db9:testIamPermissions {"permissions":["firebase.projects.get","firebasehosting.sites.update"]}
[debug] [2023-11-25T03:24:09.192Z] >>> [apiv2][query] GET https://firebase.googleapis.com/v1beta1/projects/auth-test-37db9 [none]
[debug] [2023-11-25T03:24:09.497Z] <<< [apiv2][status] GET https://firebase.googleapis.com/v1beta1/projects/auth-test-37db9 200
[debug] [2023-11-25T03:24:09.497Z] <<< [apiv2][body] GET https://firebase.googleapis.com/v1beta1/projects/auth-test-37db9 {"projectId":"auth-test-37db9","projectNumber":"315163825129","displayName":"auth-test","name":"projects/auth-test-37db9","resources":{"hostingSite":"auth-test-37db9"},"state":"ACTIVE","etag":"1_151a2884-f759-4fe0-bb38-7fd0b38ee5ad"}
[debug] [2023-11-25T03:24:11.549Z] >>> [apiv2][query] GET https://firebasehosting.googleapis.com/v1beta1/projects/auth-test-37db9/sites pageToken=&pageSize=10
[debug] [2023-11-25T03:24:11.951Z] <<< [apiv2][status] GET https://firebasehosting.googleapis.com/v1beta1/projects/auth-test-37db9/sites 200
[debug] [2023-11-25T03:24:11.951Z] <<< [apiv2][body] GET https://firebasehosting.googleapis.com/v1beta1/projects/auth-test-37db9/sites {"sites":[{"name":"projects/auth-test-37db9/sites/auth-test-37db9","defaultUrl":"https://auth-test-37db9.web.app","appId":"1:315163825129:web:d2adf58a8ad46a03433178","type":"DEFAULT_SITE"}]}
[debug] [2023-11-25T03:24:11.951Z] >>> [apiv2][query] GET https://firebase.googleapis.com/v1beta1/projects/-/webApps/1:315163825129:web:d2adf58a8ad46a03433178/config [none]
[debug] [2023-11-25T03:24:12.379Z] <<< [apiv2][status] GET https://firebase.googleapis.com/v1beta1/projects/-/webApps/1:315163825129:web:d2adf58a8ad46a03433178/config 200
[debug] [2023-11-25T03:24:12.379Z] <<< [apiv2][body] GET https://firebase.googleapis.com/v1beta1/projects/-/webApps/1:315163825129:web:d2adf58a8ad46a03433178/config {"projectId":"auth-test-37db9","appId":"1:315163825129:web:d2adf58a8ad46a03433178","storageBucket":"auth-test-37db9.appspot.com","apiKey":"AIzaSyBLXPPWZMmP219HRiPj7nK1h4KkTEJH91A","authDomain":"auth-test-37db9.firebaseapp.com","messagingSenderId":"315163825129"}
[info] 
   Thank you for trying our early preview of Next.js support on Firebase Hosting.
   During the preview, support is best-effort and breaking changes can be expected. Proceed with caution.

   Documentation: https://firebase.google.com/docs/hosting/frameworks/nextjs
   File a bug: https://github.com/firebase/firebase-tools/issues/new?template=bug_report.md
   Submit a feature request: https://github.com/firebase/firebase-tools/issues/new?template=feature_request.md

   We'd love to learn from you. Express your interest in helping us shape the future of Firebase Hosting: https://goo.gle/41enW5X

[info]    Creating an optimized production build ...

[info]  ⚠ Compiled with warnings


[info] ./node_modules/node-fetch/lib/index.js
Module not found: Can't resolve 'encoding' in 'C:\Users\Mike Odnis\Documents\GitHub\next-firebase-auth-1\node_modules\node-fetch\lib'

Import trace for requested module:
./node_modules/node-fetch/lib/index.js
./node_modules/@firebase/auth/dist/node-esm/index.js
./node_modules/firebase/auth/dist/index.mjs
./src/app/components/ClientWrapper.tsx


[info]    Linting and checking validity of types ...

[info]    Collecting page data ...

[info]    Generating static pages (0/5) ...

[info]    Generating static pages (1/5) 

[info]    Generating static pages (2/5) 

[info]    Generating static pages (3/5) 

[info]  ✓ Generating static pages (5/5) 

[info]    Finalizing page optimization ...

[info]    Collecting build traces ...

[info] 

[info] Route (app)                              Size     First Load JS
┌ ○ /                                    741 B           118 kB
└ ○ /_not-found                          882 B          81.3 kB
+ First Load JS shared by all            80.4 kB
  ├ chunks/472-371059c100b86593.js       27.5 kB
  ├ chunks/fd9d1056-078960448c80a0bb.js  50.9 kB
  ├ chunks/main-app-d23297671a2aa9c6.js  232 B
  └ chunks/webpack-f020c0e6954c0948.js   1.75 kB


[info] 
○  (Static)  automatically rendered as static HTML (uses no initial props)


[debug] [2023-11-25T03:24:55.703Z] TypeError: Cannot destructure property 'customConfig' of '(intermediate value)(intermediate value)(intermediate value)' as it is null.
    at loadConfig (C:\Users\Mike Odnis\documents\github\next-firebase-auth-1\node_modules\next\dist\server\config.js:621:41)
    at getConfig (C:\Users\Mike Odnis\AppData\Roaming\npm\node_modules\firebase-tools\lib\frameworks\next\index.js:390:28)
    at build (C:\Users\Mike Odnis\AppData\Roaming\npm\node_modules\firebase-tools\lib\frameworks\next\index.js:67:65)
    at process.processTicksAndRejections (node:internal/process/task_queues:95:5)
    at async prepareFrameworks (C:\Users\Mike Odnis\AppData\Roaming\npm\node_modules\firebase-tools\lib\frameworks\index.js:216:33)
    at async deploy (C:\Users\Mike Odnis\AppData\Roaming\npm\node_modules\firebase-tools\lib\deploy\index.js:55:13)
[error] 
[error] Error: An unexpected error has occurred.
